#
# A fatal error has been detected by the Java Runtime Environment:
#
#  SIGFPE (0x8) at pc=0x00007f41c6432d89, pid=14239, tid=0x00007f41f09fb700
#
# JRE version: OpenJDK Runtime Environment (8.0_222-b10) (build 1.8.0_222-8u222-b10-1ubuntu1~16.04.1-b10)
# Java VM: OpenJDK 64-Bit Server VM (25.222-b10 mixed mode linux-amd64 compressed oops)
# Problematic frame:
# C  [scrypt5030767091095627006lib+0xd89]  crypto_scrypt+0x99
#
# Failed to write core dump. Core dumps have been disabled. To enable core dumping, try "ulimit -c unlimited" before starting Java again
#
# If you would like to submit a bug report, please visit:
#   http://bugreport.java.com/bugreport/crash.jsp
# The crash happened outside the Java Virtual Machine in native code.
# See problematic frame for where to report the bug.
#

---------------  T H R E A D  ---------------

Current thread (0x00007f41e800c800):  JavaThread "main" [_thread_in_native, id=14247, stack(0x00007f41f08fb000,0x00007f41f09fc000)]

siginfo: si_signo: 8 (SIGFPE), si_code: 1 (FPE_INTDIV), si_addr: 0x00007f41c6432d89

Registers:
RAX=0x01ffffffffffffff, RBX=0x0000000000000008, RCX=0x01ffffffffffffff, RDX=0x0000000000000000
RSP=0x00007f41f09fa640, RBP=0x0000000000000008, RSI=0x0000000000000000, RDI=0x00007f41e836fda0
R8 =0x0000000000020000, R9 =0x0000000000000008, R10=0x0000000000000013, R11=0x00007f41c6432cf0
R12=0x00007f41e836fec0, R13=0x000000000000001e, R14=0x00007f41e836fec0, R15=0x00007f41f09fa880
RIP=0x00007f41c6432d89, EFLAGS=0x0000000000010246, CSGSFS=0x002b000000000033, ERR=0x0000000000000000
  TRAPNO=0x0000000000000000

Top of Stack: (sp=0x00007f41f09fa640)
0x00007f41f09fa640:   0000000000000000 0000000000000000
0x00007f41f09fa650:   0000000000000000 0000000000000000
0x00007f41f09fa660:   0000000000020000 0000000000000000
0x00007f41f09fa670:   000000000001ffff 0000000000000000
0x00007f41f09fa680:   0000000000000000 0000000000000000
0x00007f41f09fa690:   0000000000000000 0000000000000000
0x00007f41f09fa6a0:   0000000000000000 0000000000000000
0x00007f41f09fa6b0:   0000000000000000 0000000000000000
0x00007f41f09fa6c0:   00007f41e836fda0 0000000000000020
0x00007f41f09fa6d0:   0000000000000000 0000000000000000
0x00007f41f09fa6e0:   0000000000000000 0000000000000000
0x00007f41f09fa6f0:   0000000000000000 00007f41e800c9e0
0x00007f41f09fa700:   00007f41e836f9d0 00007f41e836fec0
0x00007f41f09fa710:   0000000000000000 00007f41e836fda0
0x00007f41f09fa720:   00007f41f09fa880 00007f41c643337e
0x00007f41f09fa730:   00007f4100000000 00007f41e836f9d0
0x00007f41f09fa740:   0000000000000040 00007f41e800c800
0x00007f41f09fa750:   00007f41d4aa2228 00007f4100000008
0x00007f41f09fa760:   00007f4100020000 0000000000000040
0x00007f41f09fa770:   00007f41f09fa878 0000001e00000020
0x00007f41f09fa780:   00007f41d4aa1ae0 00007f41d4aa2228
0x00007f41f09fa790:   00007f41f09fa838 0000000000000000
0x00007f41f09fa7a0:   00007f41d4aa2228 00007f41f09fa880
0x00007f41f09fa7b0:   00007f41e800c800 00007f41d9018427
0x00007f41f09fa7c0:   00007f4100000000 0000000000000040
0x00007f41f09fa7d0:   00007f41d4aa2228 00007f41f09fa880
0x00007f41f09fa7e0:   00007f41f09fa838 00007f41d9018187
0x00007f41f09fa7f0:   00007f41d9018142 00007f41f09fa7f8
0x00007f41f09fa800:   00007f41d4aa2228 00007f41f09fa880
0x00007f41f09fa810:   00007f41d4aa3038 0000000000000000
0x00007f41f09fa820:   00007f41d4aa2228 0000000000000000
0x00007f41f09fa830:   00007f41f09fa858 00007f41f09fa8c8 

Instructions: (pc=0x00007f41c6432d89)
0x00007f41c6432d69:   30 0f 85 d3 04 00 00 48 83 fa 01 0f 86 c9 04 00
0x00007f41c6432d79:   00 48 b9 ff ff ff ff ff ff ff 01 31 d2 48 89 c8
0x00007f41c6432d89:   48 f7 f6 48 39 c5 0f 87 9c 04 00 00 31 d2 48 89
0x00007f41c6432d99:   c8 48 f7 f5 48 39 44 24 20 0f 87 89 04 00 00 e8 

Register to memory mapping:

RAX=0x01ffffffffffffff is an unknown value
RBX=0x0000000000000008 is an unknown value
RCX=0x01ffffffffffffff is an unknown value
RDX=0x0000000000000000 is an unknown value
RSP=0x00007f41f09fa640 is pointing into the stack for thread: 0x00007f41e800c800
RBP=0x0000000000000008 is an unknown value
RSI=0x0000000000000000 is an unknown value
RDI=0x00007f41e836fda0 is an unknown value
R8 =0x0000000000020000 is an unknown value
R9 =0x0000000000000008 is an unknown value
R10=0x0000000000000013 is an unknown value
R11=0x00007f41c6432cf0: crypto_scrypt+0 in /tmp/scrypt5030767091095627006lib at 0x00007f41c6432000
R12=0x00007f41e836fec0 is an unknown value
R13=0x000000000000001e is an unknown value
R14=0x00007f41e836fec0 is an unknown value
R15=0x00007f41f09fa880 is pointing into the stack for thread: 0x00007f41e800c800


Stack: [0x00007f41f08fb000,0x00007f41f09fc000],  sp=0x00007f41f09fa640,  free space=1021k
Native frames: (J=compiled Java code, j=interpreted, Vv=VM code, C=native code)
C  [scrypt5030767091095627006lib+0xd89]  crypto_scrypt+0x99

Java frames: (J=compiled Java code, j=interpreted, Vv=VM code)
j  com.lambdaworks.crypto.SCrypt.scryptN([B[BIIII)[B+0
j  com.lambdaworks.crypto.SCrypt.scrypt([B[BIIII)[B+14
j  App.main([Ljava/lang/String;)V+379
v  ~StubRoutines::call_stub

---------------  P R O C E S S  ---------------

Java Threads: ( => current thread )
  0x00007f41e82d1000 JavaThread "Service Thread" daemon [_thread_blocked, id=14272, stack(0x00007f41c6738000,0x00007f41c6839000)]
  0x00007f41e82ce000 JavaThread "C1 CompilerThread2" daemon [_thread_blocked, id=14271, stack(0x00007f41c6839000,0x00007f41c693a000)]
  0x00007f41e82ca000 JavaThread "C2 CompilerThread1" daemon [_thread_blocked, id=14270, stack(0x00007f41c693a000,0x00007f41c6a3b000)]
  0x00007f41e82c8800 JavaThread "C2 CompilerThread0" daemon [_thread_blocked, id=14269, stack(0x00007f41c6c53000,0x00007f41c6d54000)]
  0x00007f41e82c6000 JavaThread "Monitor Ctrl-Break" daemon [_thread_in_native, id=14268, stack(0x00007f41c6d54000,0x00007f41c6e55000)]
  0x00007f41e8181000 JavaThread "Signal Dispatcher" daemon [_thread_blocked, id=14262, stack(0x00007f41c6eeb000,0x00007f41c6fec000)]
  0x00007f41e814d800 JavaThread "Finalizer" daemon [_thread_blocked, id=14260, stack(0x00007f41c73f4000,0x00007f41c74f5000)]
  0x00007f41e814b000 JavaThread "Reference Handler" daemon [_thread_blocked, id=14259, stack(0x00007f41c74f5000,0x00007f41c75f6000)]
=>0x00007f41e800c800 JavaThread "main" [_thread_in_native, id=14247, stack(0x00007f41f08fb000,0x00007f41f09fc000)]

Other Threads:
  0x00007f41e8141000 VMThread [stack: 0x00007f41c75f6000,0x00007f41c76f7000] [id=14257]
  0x00007f41e82d3800 WatcherThread [stack: 0x00007f41c6637000,0x00007f41c6738000] [id=14273]

VM state:not at safepoint (normal execution)

VM Mutex/Monitor currently owned by a thread: None

heap address: 0x0000000084c00000, size: 1972 MB, Compressed Oops mode: 32-bit
Narrow klass base: 0x0000000000000000, Narrow klass shift: 3
Compressed class space size: 1073741824 Address: 0x0000000100000000

Heap:
 PSYoungGen      total 36864K, used 5742K [0x00000000d6f00000, 0x00000000d9800000, 0x0000000100000000)
  eden space 31744K, 18% used [0x00000000d6f00000,0x00000000d749b8c8,0x00000000d8e00000)
  from space 5120K, 0% used [0x00000000d9300000,0x00000000d9300000,0x00000000d9800000)
  to   space 5120K, 0% used [0x00000000d8e00000,0x00000000d8e00000,0x00000000d9300000)
 ParOldGen       total 84992K, used 0K [0x0000000084c00000, 0x0000000089f00000, 0x00000000d6f00000)
  object space 84992K, 0% used [0x0000000084c00000,0x0000000084c00000,0x0000000089f00000)
 Metaspace       used 4850K, capacity 4944K, committed 5248K, reserved 1056768K
  class space    used 507K, capacity 560K, committed 640K, reserved 1048576K

Card table byte_map: [0x00007f41ec966000,0x00007f41ecd41000] byte_map_base: 0x00007f41ec540000

Marking Bits: (ParMarkBitMap*) 0x00007f41efbd0540
 Begin Bits: [0x00007f41d5260000, 0x00007f41d7130000)
 End Bits:   [0x00007f41d7130000, 0x00007f41d9000000)

Polling page: 0x00007f41f0a23000

CodeCache: size=245760Kb used=1508Kb max_used=1522Kb free=244251Kb
 bounds [0x00007f41d9000000, 0x00007f41d9270000, 0x00007f41e8000000]
 total_blobs=474 nmethods=192 adapters=197
 compilation: enabled

Compilation events (10 events):
Event: 0,306 Thread 0x00007f41e82ce000  189       3       java.lang.StringCoding::safeTrim (24 bytes)
Event: 0,307 Thread 0x00007f41e82ce000 nmethod 189 0x00007f41d9173450 code [0x00007f41d91735e0, 0x00007f41d9173a88]
Event: 0,314 Thread 0x00007f41e82ce000  190       3       sun.security.provider.SHA2::implCompress (13 bytes)
Event: 0,314 Thread 0x00007f41e82ce000 nmethod 190 0x00007f41d9173c50 code [0x00007f41d9173e00, 0x00007f41d9174188]
Event: 0,314 Thread 0x00007f41e82ce000  191       3       sun.security.provider.SHA::implCompress (13 bytes)
Event: 0,315 Thread 0x00007f41e82ce000 nmethod 191 0x00007f41d9174390 code [0x00007f41d9174540, 0x00007f41d91748c8]
Event: 0,316 Thread 0x00007f41e82ca000 nmethod 62 0x00007f41d9179c10 code [0x00007f41d9179d80, 0x00007f41d917c2b8]
Event: 0,316 Thread 0x00007f41e82ca000  192 %     4       sun.security.provider.SHA2::implCompress0 @ 133 (322 bytes)
Event: 0,321 Thread 0x00007f41e82c8800 nmethod 188% 0x00007f41d9175910 code [0x00007f41d9175a80, 0x00007f41d91763f8]
Event: 0,329 Thread 0x00007f41e82ca000 nmethod 192% 0x00007f41d9174c90 code [0x00007f41d9174e00, 0x00007f41d9175698]

GC Heap History (0 events):
No events

Deoptimization events (0 events):
No events

Classes redefined (0 events):
No events

Internal exceptions (2 events):
Event: 0,035 Thread 0x00007f41e800c800 Exception <a 'java/lang/NoSuchMethodError': Method sun.misc.Unsafe.defineClass(Ljava/lang/String;[BII)Ljava/lang/Class; name or signature does not match> (0x00000000d6f07cb8) thrown at [/build/openjdk-8-g3XteX/openjdk-8-8u222-b10/src/hotspot/src/share/vm/
Event: 0,035 Thread 0x00007f41e800c800 Exception <a 'java/lang/NoSuchMethodError': Method sun.misc.Unsafe.prefetchRead(Ljava/lang/Object;J)V name or signature does not match> (0x00000000d6f07fa0) thrown at [/build/openjdk-8-g3XteX/openjdk-8-8u222-b10/src/hotspot/src/share/vm/prims/jni.cpp, lin

Events (10 events):
Event: 0,285 loading class com/lambdaworks/jni/Platform$OS
Event: 0,285 loading class com/lambdaworks/jni/Platform$OS done
Event: 0,287 loading class com/lambdaworks/jni/JarLibraryLoader$1
Event: 0,287 loading class com/lambdaworks/jni/JarLibraryLoader$1 done
Event: 0,288 loading class java/lang/NoSuchFieldError
Event: 0,289 loading class java/lang/NoSuchFieldError done
Event: 0,308 loading class java/io/File$TempDirectory
Event: 0,308 loading class java/io/File$TempDirectory done
Event: 0,317 loading class java/io/FileOutputStream$1
Event: 0,317 loading class java/io/FileOutputStream$1 done


Dynamic libraries:
00400000-00401000 r-xp 00000000 fd:00 42469931                           /usr/lib/jvm/java-8-openjdk-amd64/jre/bin/java
00600000-00601000 r--p 00000000 fd:00 42469931                           /usr/lib/jvm/java-8-openjdk-amd64/jre/bin/java
00601000-00602000 rw-p 00001000 fd:00 42469931                           /usr/lib/jvm/java-8-openjdk-amd64/jre/bin/java
021f3000-02214000 rw-p 00000000 00:00 0                                  [heap]
84c00000-89f00000 rw-p 00000000 00:00 0 
89f00000-d6f00000 ---p 00000000 00:00 0 
d6f00000-d9800000 rw-p 00000000 00:00 0 
d9800000-100000000 ---p 00000000 00:00 0 
100000000-1000a0000 rw-p 00000000 00:00 0 
1000a0000-140000000 ---p 00000000 00:00 0 
7f4194000000-7f4194021000 rw-p 00000000 00:00 0 
7f4194021000-7f4198000000 ---p 00000000 00:00 0 
7f4198000000-7f4198021000 rw-p 00000000 00:00 0 
7f4198021000-7f419c000000 ---p 00000000 00:00 0 
7f419c000000-7f419c19b000 rw-p 00000000 00:00 0 
7f419c19b000-7f41a0000000 ---p 00000000 00:00 0 
7f41a0000000-7f41a01b0000 rw-p 00000000 00:00 0 
7f41a01b0000-7f41a4000000 ---p 00000000 00:00 0 
7f41a4000000-7f41a410f000 rw-p 00000000 00:00 0 
7f41a410f000-7f41a8000000 ---p 00000000 00:00 0 
7f41a8fff000-7f41ac000000 rw-p 00000000 00:00 0 
7f41ac000000-7f41ac021000 rw-p 00000000 00:00 0 
7f41ac021000-7f41b0000000 ---p 00000000 00:00 0 
7f41b0000000-7f41b0021000 rw-p 00000000 00:00 0 
7f41b0021000-7f41b4000000 ---p 00000000 00:00 0 
7f41b4000000-7f41b4021000 rw-p 00000000 00:00 0 
7f41b4021000-7f41b8000000 ---p 00000000 00:00 0 
7f41b8000000-7f41b8021000 rw-p 00000000 00:00 0 
7f41b8021000-7f41bc000000 ---p 00000000 00:00 0 
7f41bc000000-7f41bc021000 rw-p 00000000 00:00 0 
7f41bc021000-7f41c0000000 ---p 00000000 00:00 0 
7f41c0000000-7f41c0021000 rw-p 00000000 00:00 0 
7f41c0021000-7f41c4000000 ---p 00000000 00:00 0 
7f41c6432000-7f41c6436000 r-xp 00000000 fd:00 40894652                   /tmp/scrypt5030767091095627006lib (deleted)
7f41c6436000-7f41c6635000 ---p 00004000 fd:00 40894652                   /tmp/scrypt5030767091095627006lib (deleted)
7f41c6635000-7f41c6636000 r--p 00003000 fd:00 40894652                   /tmp/scrypt5030767091095627006lib (deleted)
7f41c6636000-7f41c6637000 rw-p 00004000 fd:00 40894652                   /tmp/scrypt5030767091095627006lib (deleted)
7f41c6637000-7f41c6638000 ---p 00000000 00:00 0 
7f41c6638000-7f41c6738000 rw-p 00000000 00:00 0 
7f41c6738000-7f41c673b000 ---p 00000000 00:00 0 
7f41c673b000-7f41c6839000 rw-p 00000000 00:00 0 
7f41c6839000-7f41c683c000 ---p 00000000 00:00 0 
7f41c683c000-7f41c693a000 rw-p 00000000 00:00 0 
7f41c693a000-7f41c693d000 ---p 00000000 00:00 0 
7f41c693d000-7f41c6a3b000 rw-p 00000000 00:00 0 
7f41c6a3b000-7f41c6a51000 r-xp 00000000 fd:00 42339243                   /usr/lib/jvm/java-8-openjdk-amd64/jre/lib/amd64/libnet.so
7f41c6a51000-7f41c6c51000 ---p 00016000 fd:00 42339243                   /usr/lib/jvm/java-8-openjdk-amd64/jre/lib/amd64/libnet.so
7f41c6c51000-7f41c6c52000 r--p 00016000 fd:00 42339243                   /usr/lib/jvm/java-8-openjdk-amd64/jre/lib/amd64/libnet.so
7f41c6c52000-7f41c6c53000 rw-p 00017000 fd:00 42339243                   /usr/lib/jvm/java-8-openjdk-amd64/jre/lib/amd64/libnet.so
7f41c6c53000-7f41c6c56000 ---p 00000000 00:00 0 
7f41c6c56000-7f41c6d54000 rw-p 00000000 00:00 0 
7f41c6d54000-7f41c6d57000 ---p 00000000 00:00 0 
7f41c6d57000-7f41c6e55000 rw-p 00000000 00:00 0 
7f41c6e55000-7f41c6eeb000 r--s 008d7000 fd:00 42740480                   /usr/share/java/openjfx/jre/lib/ext/jfxrt.jar
7f41c6eeb000-7f41c6eee000 ---p 00000000 00:00 0 
7f41c6eee000-7f41c6fec000 rw-p 00000000 00:00 0 
7f41c6fec000-7f41c73f4000 r--p 00000000 fd:00 42205593                   /usr/lib/locale/locale-archive
7f41c73f4000-7f41c73f7000 ---p 00000000 00:00 0 
7f41c73f7000-7f41c74f5000 rw-p 00000000 00:00 0 
7f41c74f5000-7f41c74f8000 ---p 00000000 00:00 0 
7f41c74f8000-7f41c75f6000 rw-p 00000000 00:00 0 
7f41c75f6000-7f41c75f7000 ---p 00000000 00:00 0 
7f41c75f7000-7f41c8000000 rw-p 00000000 00:00 0 
7f41c8000000-7f41c8021000 rw-p 00000000 00:00 0 
7f41c8021000-7f41cc000000 ---p 00000000 00:00 0 
7f41cc000000-7f41cc021000 rw-p 00000000 00:00 0 
7f41cc021000-7f41d0000000 ---p 00000000 00:00 0 
7f41d0000000-7f41d0021000 rw-p 00000000 00:00 0 
7f41d0021000-7f41d4000000 ---p 00000000 00:00 0 
7f41d4080000-7f41d4b06000 rw-p 00000000 00:00 0 
7f41d4b06000-7f41d4e86000 ---p 00000000 00:00 0 
7f41d4e86000-7f41d9000000 rw-p 00000000 00:00 0 
7f41d9000000-7f41d9270000 rwxp 00000000 00:00 0 
7f41d9270000-7f41e8000000 ---p 00000000 00:00 0 
7f41e8000000-7f41e83c2000 rw-p 00000000 00:00 0 
7f41e83c2000-7f41ec000000 ---p 00000000 00:00 0 
7f41ec00c000-7f41ec00e000 r--s 00016000 fd:00 42206810                   /usr/lib/jvm/java-8-openjdk-amd64/jre/lib/jce.jar
7f41ec00e000-7f41ec013000 r--s 000a3000 fd:00 42207923                   /usr/lib/jvm/java-8-openjdk-amd64/jre/lib/jsse.jar
7f41ec013000-7f41ec015000 r--s 0001b000 00:32 4596501                    /home/lestad/Work/idea-IC-192.6817.14/lib/idea_rt.jar
7f41ec015000-7f41ec016000 r--s 00009000 00:32 59644522                   /home/lestad/.m2/repository/org/apache/httpcomponents/httpmime/4.5.1/httpmime-4.5.1.jar
7f41ec016000-7f41ec01d000 r--s 0003a000 00:32 59644520                   /home/lestad/.m2/repository/commons-codec/commons-codec/1.9/commons-codec-1.9.jar
7f41ec01d000-7f41ec01f000 r--s 0000e000 00:32 56108314                   /home/lestad/.m2/repository/commons-logging/commons-logging/1.2/commons-logging-1.2.jar
7f41ec01f000-7f41ec026000 r--s 00049000 00:32 59514164                   /home/lestad/.m2/repository/org/apache/httpcomponents/httpcore/4.4.3/httpcore-4.4.3.jar
7f41ec026000-7f41ec033000 r--s 000a6000 00:32 59514162                   /home/lestad/.m2/repository/org/apache/httpcomponents/httpclient/4.5.1/httpclient-4.5.1.jar
7f41ec033000-7f41ec034000 r--s 00002000 00:32 58589533                   /home/lestad/.m2/repository/org/kocakosm/jblake2/0.4/jblake2-0.4.jar
7f41ec034000-7f41ec036000 r--s 0000b000 00:32 58589473                   /home/lestad/.m2/repository/com/lambdaworks/scrypt/1.4.0/scrypt-1.4.0.jar
7f41ec036000-7f41ec038000 r--s 0000d000 00:32 12722367                   /home/lestad/Work/Java/tweetnacl-java/target/tweetnacl-java-1.1.2-SNAPSHOT.jar
7f41ec038000-7f41ec04b000 r--s 00346000 fd:00 42208149                   /usr/lib/jvm/java-8-openjdk-amd64/jre/lib/resources.jar
7f41ec04b000-7f41ec04c000 r--s 00000000 fd:00 42207834                   /usr/lib/jvm/java-8-openjdk-amd64/jre/lib/management-agent.jar
7f41ec04c000-7f41ec051000 r--s 000a3000 fd:00 42207923                   /usr/lib/jvm/java-8-openjdk-amd64/jre/lib/jsse.jar
7f41ec051000-7f41ec052000 r--s 00009000 fd:00 42740481                   /usr/share/java/openjfx/jre/lib/jfxswt.jar
7f41ec052000-7f41ec054000 r--s 00016000 fd:00 42206810                   /usr/lib/jvm/java-8-openjdk-amd64/jre/lib/jce.jar
7f41ec054000-7f41ec06f000 r--s 001d6000 fd:00 42207458                   /usr/lib/jvm/java-8-openjdk-amd64/jre/lib/ext/nashorn.jar
7f41ec06f000-7f41ec08a000 r--s 00394000 fd:00 42207622                   /usr/lib/jvm/java-8-openjdk-amd64/jre/lib/ext/cldrdata.jar
7f41ec08a000-7f41ec25a000 r--s 03c5c000 fd:00 42206307                   /usr/lib/jvm/java-8-openjdk-amd64/jre/lib/rt.jar
7f41ec25a000-7f41ec2d0000 rw-p 00000000 00:00 0 
7f41ec2d0000-7f41ec2d1000 ---p 00000000 00:00 0 
7f41ec2d1000-7f41ec3d1000 rw-p 00000000 00:00 0 
7f41ec3d1000-7f41ec3d2000 ---p 00000000 00:00 0 
7f41ec3d2000-7f41ec4d2000 rw-p 00000000 00:00 0 
7f41ec4d2000-7f41ec4d3000 ---p 00000000 00:00 0 
7f41ec4d3000-7f41ec5d3000 rw-p 00000000 00:00 0 
7f41ec5d3000-7f41ec5d4000 ---p 00000000 00:00 0 
7f41ec5d4000-7f41ec6fe000 rw-p 00000000 00:00 0 
7f41ec6fe000-7f41ec966000 ---p 00000000 00:00 0 
7f41ec966000-7f41ec990000 rw-p 00000000 00:00 0 
7f41ec990000-7f41ecbf7000 ---p 00000000 00:00 0 
7f41ecbf7000-7f41ecc0c000 rw-p 00000000 00:00 0 
7f41ecc0c000-7f41ecd40000 ---p 00000000 00:00 0 
7f41ecd40000-7f41ecd4b000 rw-p 00000000 00:00 0 
7f41ecd4b000-7f41ed101000 ---p 00000000 00:00 0 
7f41ed101000-7f41ed109000 r-xp 00000000 fd:00 42339257                   /usr/lib/jvm/java-8-openjdk-amd64/jre/lib/amd64/libzip.so
7f41ed109000-7f41ed308000 ---p 00008000 fd:00 42339257                   /usr/lib/jvm/java-8-openjdk-amd64/jre/lib/amd64/libzip.so
7f41ed308000-7f41ed309000 r--p 00007000 fd:00 42339257                   /usr/lib/jvm/java-8-openjdk-amd64/jre/lib/amd64/libzip.so
7f41ed309000-7f41ed30a000 rw-p 00008000 fd:00 42339257                   /usr/lib/jvm/java-8-openjdk-amd64/jre/lib/amd64/libzip.so
7f41ed30a000-7f41ed315000 r-xp 00000000 fd:00 30278236                   /lib/x86_64-linux-gnu/libnss_files-2.23.so
7f41ed315000-7f41ed514000 ---p 0000b000 fd:00 30278236                   /lib/x86_64-linux-gnu/libnss_files-2.23.so
7f41ed514000-7f41ed515000 r--p 0000a000 fd:00 30278236                   /lib/x86_64-linux-gnu/libnss_files-2.23.so
7f41ed515000-7f41ed516000 rw-p 0000b000 fd:00 30278236                   /lib/x86_64-linux-gnu/libnss_files-2.23.so
7f41ed516000-7f41ed51c000 rw-p 00000000 00:00 0 
7f41ed51c000-7f41ed527000 r-xp 00000000 fd:00 30278229                   /lib/x86_64-linux-gnu/libnss_nis-2.23.so
7f41ed527000-7f41ed726000 ---p 0000b000 fd:00 30278229                   /lib/x86_64-linux-gnu/libnss_nis-2.23.so
7f41ed726000-7f41ed727000 r--p 0000a000 fd:00 30278229                   /lib/x86_64-linux-gnu/libnss_nis-2.23.so
7f41ed727000-7f41ed728000 rw-p 0000b000 fd:00 30278229                   /lib/x86_64-linux-gnu/libnss_nis-2.23.so
7f41ed728000-7f41ed73e000 r-xp 00000000 fd:00 30278234                   /lib/x86_64-linux-gnu/libnsl-2.23.so
7f41ed73e000-7f41ed93d000 ---p 00016000 fd:00 30278234                   /lib/x86_64-linux-gnu/libnsl-2.23.so
7f41ed93d000-7f41ed93e000 r--p 00015000 fd:00 30278234                   /lib/x86_64-linux-gnu/libnsl-2.23.so
7f41ed93e000-7f41ed93f000 rw-p 00016000 fd:00 30278234                   /lib/x86_64-linux-gnu/libnsl-2.23.so
7f41ed93f000-7f41ed941000 rw-p 00000000 00:00 0 
7f41ed941000-7f41ed949000 r-xp 00000000 fd:00 30278240                   /lib/x86_64-linux-gnu/libnss_compat-2.23.so
7f41ed949000-7f41edb48000 ---p 00008000 fd:00 30278240                   /lib/x86_64-linux-gnu/libnss_compat-2.23.so
7f41edb48000-7f41edb49000 r--p 00007000 fd:00 30278240                   /lib/x86_64-linux-gnu/libnss_compat-2.23.so
7f41edb49000-7f41edb4a000 rw-p 00008000 fd:00 30278240                   /lib/x86_64-linux-gnu/libnss_compat-2.23.so
7f41edb4a000-7f41edb54000 r-xp 00000000 fd:00 42339264                   /usr/lib/jvm/java-8-openjdk-amd64/jre/lib/amd64/libinstrument.so
7f41edb54000-7f41edd53000 ---p 0000a000 fd:00 42339264                   /usr/lib/jvm/java-8-openjdk-amd64/jre/lib/amd64/libinstrument.so
7f41edd53000-7f41edd54000 r--p 00009000 fd:00 42339264                   /usr/lib/jvm/java-8-openjdk-amd64/jre/lib/amd64/libinstrument.so
7f41edd54000-7f41edd55000 rw-p 0000a000 fd:00 42339264                   /usr/lib/jvm/java-8-openjdk-amd64/jre/lib/amd64/libinstrument.so
7f41edd55000-7f41edd7e000 r-xp 00000000 fd:00 42339242                   /usr/lib/jvm/java-8-openjdk-amd64/jre/lib/amd64/libjava.so
7f41edd7e000-7f41edf7d000 ---p 00029000 fd:00 42339242                   /usr/lib/jvm/java-8-openjdk-amd64/jre/lib/amd64/libjava.so
7f41edf7d000-7f41edf7e000 r--p 00028000 fd:00 42339242                   /usr/lib/jvm/java-8-openjdk-amd64/jre/lib/amd64/libjava.so
7f41edf7e000-7f41edf80000 rw-p 00029000 fd:00 42339242                   /usr/lib/jvm/java-8-openjdk-amd64/jre/lib/amd64/libjava.so
7f41edf80000-7f41edf8f000 r-xp 00000000 fd:00 42339259                   /usr/lib/jvm/java-8-openjdk-amd64/jre/lib/amd64/libverify.so
7f41edf8f000-7f41ee18e000 ---p 0000f000 fd:00 42339259                   /usr/lib/jvm/java-8-openjdk-amd64/jre/lib/amd64/libverify.so
7f41ee18e000-7f41ee190000 r--p 0000e000 fd:00 42339259                   /usr/lib/jvm/java-8-openjdk-amd64/jre/lib/amd64/libverify.so
7f41ee190000-7f41ee191000 rw-p 00010000 fd:00 42339259                   /usr/lib/jvm/java-8-openjdk-amd64/jre/lib/amd64/libverify.so
7f41ee191000-7f41ee198000 r-xp 00000000 fd:00 30277963                   /lib/x86_64-linux-gnu/librt-2.23.so
7f41ee198000-7f41ee397000 ---p 00007000 fd:00 30277963                   /lib/x86_64-linux-gnu/librt-2.23.so
7f41ee397000-7f41ee398000 r--p 00006000 fd:00 30277963                   /lib/x86_64-linux-gnu/librt-2.23.so
7f41ee398000-7f41ee399000 rw-p 00007000 fd:00 30277963                   /lib/x86_64-linux-gnu/librt-2.23.so
7f41ee399000-7f41ee3b0000 r-xp 00000000 fd:00 30278027                   /lib/x86_64-linux-gnu/libgcc_s.so.1
7f41ee3b0000-7f41ee5af000 ---p 00017000 fd:00 30278027                   /lib/x86_64-linux-gnu/libgcc_s.so.1
7f41ee5af000-7f41ee5b0000 r--p 00016000 fd:00 30278027                   /lib/x86_64-linux-gnu/libgcc_s.so.1
7f41ee5b0000-7f41ee5b1000 rw-p 00017000 fd:00 30278027                   /lib/x86_64-linux-gnu/libgcc_s.so.1
7f41ee5b1000-7f41ee6b9000 r-xp 00000000 fd:00 30278242                   /lib/x86_64-linux-gnu/libm-2.23.so
7f41ee6b9000-7f41ee8b8000 ---p 00108000 fd:00 30278242                   /lib/x86_64-linux-gnu/libm-2.23.so
7f41ee8b8000-7f41ee8b9000 r--p 00107000 fd:00 30278242                   /lib/x86_64-linux-gnu/libm-2.23.so
7f41ee8b9000-7f41ee8ba000 rw-p 00108000 fd:00 30278242                   /lib/x86_64-linux-gnu/libm-2.23.so
7f41ee8ba000-7f41eea8d000 r-xp 00000000 fd:00 42210501                   /usr/lib/x86_64-linux-gnu/libstdc++.so.6.0.28
7f41eea8d000-7f41eec8c000 ---p 001d3000 fd:00 42210501                   /usr/lib/x86_64-linux-gnu/libstdc++.so.6.0.28
7f41eec8c000-7f41eec97000 r--p 001d2000 fd:00 42210501                   /usr/lib/x86_64-linux-gnu/libstdc++.so.6.0.28
7f41eec97000-7f41eec9a000 rw-p 001dd000 fd:00 42210501                   /usr/lib/x86_64-linux-gnu/libstdc++.so.6.0.28
7f41eec9a000-7f41eec9d000 rw-p 00000000 00:00 0 
7f41eec9d000-7f41ef901000 r-xp 00000000 fd:00 42339269                   /usr/lib/jvm/java-8-openjdk-amd64/jre/lib/amd64/server/libjvm.so
7f41ef901000-7f41efb00000 ---p 00c64000 fd:00 42339269                   /usr/lib/jvm/java-8-openjdk-amd64/jre/lib/amd64/server/libjvm.so
7f41efb00000-7f41efb94000 r--p 00c63000 fd:00 42339269                   /usr/lib/jvm/java-8-openjdk-amd64/jre/lib/amd64/server/libjvm.so
7f41efb94000-7f41efbbd000 rw-p 00cf7000 fd:00 42339269                   /usr/lib/jvm/java-8-openjdk-amd64/jre/lib/amd64/server/libjvm.so
7f41efbbd000-7f41efbed000 rw-p 00000000 00:00 0 
7f41efbed000-7f41efc05000 r-xp 00000000 fd:00 30278222                   /lib/x86_64-linux-gnu/libpthread-2.23.so
7f41efc05000-7f41efe04000 ---p 00018000 fd:00 30278222                   /lib/x86_64-linux-gnu/libpthread-2.23.so
7f41efe04000-7f41efe05000 r--p 00017000 fd:00 30278222                   /lib/x86_64-linux-gnu/libpthread-2.23.so
7f41efe05000-7f41efe06000 rw-p 00018000 fd:00 30278222                   /lib/x86_64-linux-gnu/libpthread-2.23.so
7f41efe06000-7f41efe0a000 rw-p 00000000 00:00 0 
7f41efe0a000-7f41efe0d000 r-xp 00000000 fd:00 30277967                   /lib/x86_64-linux-gnu/libdl-2.23.so
7f41efe0d000-7f41f000c000 ---p 00003000 fd:00 30277967                   /lib/x86_64-linux-gnu/libdl-2.23.so
7f41f000c000-7f41f000d000 r--p 00002000 fd:00 30277967                   /lib/x86_64-linux-gnu/libdl-2.23.so
7f41f000d000-7f41f000e000 rw-p 00003000 fd:00 30277967                   /lib/x86_64-linux-gnu/libdl-2.23.so
7f41f000e000-7f41f0027000 r-xp 00000000 fd:00 30282284                   /lib/x86_64-linux-gnu/libz.so.1.2.8
7f41f0027000-7f41f0226000 ---p 00019000 fd:00 30282284                   /lib/x86_64-linux-gnu/libz.so.1.2.8
7f41f0226000-7f41f0227000 r--p 00018000 fd:00 30282284                   /lib/x86_64-linux-gnu/libz.so.1.2.8
7f41f0227000-7f41f0228000 rw-p 00019000 fd:00 30282284                   /lib/x86_64-linux-gnu/libz.so.1.2.8
7f41f0228000-7f41f03e8000 r-xp 00000000 fd:00 30278239                   /lib/x86_64-linux-gnu/libc-2.23.so
7f41f03e8000-7f41f05e8000 ---p 001c0000 fd:00 30278239                   /lib/x86_64-linux-gnu/libc-2.23.so
7f41f05e8000-7f41f05ec000 r--p 001c0000 fd:00 30278239                   /lib/x86_64-linux-gnu/libc-2.23.so
7f41f05ec000-7f41f05ee000 rw-p 001c4000 fd:00 30278239                   /lib/x86_64-linux-gnu/libc-2.23.so
7f41f05ee000-7f41f05f2000 rw-p 00000000 00:00 0 
7f41f05f2000-7f41f05ff000 r-xp 00000000 fd:00 42339251                   /usr/lib/jvm/java-8-openjdk-amd64/jre/lib/amd64/jli/libjli.so
7f41f05ff000-7f41f07fe000 ---p 0000d000 fd:00 42339251                   /usr/lib/jvm/java-8-openjdk-amd64/jre/lib/amd64/jli/libjli.so
7f41f07fe000-7f41f07ff000 r--p 0000c000 fd:00 42339251                   /usr/lib/jvm/java-8-openjdk-amd64/jre/lib/amd64/jli/libjli.so
7f41f07ff000-7f41f0800000 rw-p 0000d000 fd:00 42339251                   /usr/lib/jvm/java-8-openjdk-amd64/jre/lib/amd64/jli/libjli.so
7f41f0800000-7f41f0826000 r-xp 00000000 fd:00 30277969                   /lib/x86_64-linux-gnu/ld-2.23.so
7f41f0826000-7f41f082b000 r--s 002f9000 fd:00 42207842                   /usr/lib/jvm/java-8-openjdk-amd64/jre/lib/charsets.jar
7f41f082b000-7f41f08fb000 rw-p 00000000 00:00 0 
7f41f08fb000-7f41f08fe000 ---p 00000000 00:00 0 
7f41f08fe000-7f41f0a00000 rw-p 00000000 00:00 0 
7f41f0a00000-7f41f0a01000 r--s 0000a000 fd:00 42207509                   /usr/lib/jvm/java-8-openjdk-amd64/jre/lib/ext/jaccess.jar
7f41f0a01000-7f41f0a0b000 r--s 00116000 fd:00 42207710                   /usr/lib/jvm/java-8-openjdk-amd64/jre/lib/ext/localedata.jar
7f41f0a0b000-7f41f0a10000 r--s 0003c000 fd:00 42207694                   /usr/lib/jvm/java-8-openjdk-amd64/jre/lib/ext/sunjce_provider.jar
7f41f0a10000-7f41f0a11000 r--s 00010000 fd:00 42207697                   /usr/lib/jvm/java-8-openjdk-amd64/jre/lib/ext/zipfs.jar
7f41f0a11000-7f41f0a13000 r--s 00001000 fd:00 42207667                   /usr/lib/jvm/java-8-openjdk-amd64/jre/lib/ext/dnsns.jar
7f41f0a13000-7f41f0a14000 r--s 0000d000 fd:00 42207275                   /usr/lib/jvm/java-8-openjdk-amd64/jre/lib/ext/sunec.jar
7f41f0a14000-7f41f0a17000 r--s 0000f000 fd:00 42207455                   /usr/lib/jvm/java-8-openjdk-amd64/jre/lib/ext/icedtea-sound.jar
7f41f0a17000-7f41f0a1a000 r--s 00039000 fd:00 42207573                   /usr/lib/jvm/java-8-openjdk-amd64/jre/lib/ext/sunpkcs11.jar
7f41f0a1a000-7f41f0a22000 rw-s 00000000 fd:00 40894651                   /tmp/hsperfdata_lestad/14239
7f41f0a22000-7f41f0a23000 rw-p 00000000 00:00 0 
7f41f0a23000-7f41f0a24000 r--p 00000000 00:00 0 
7f41f0a24000-7f41f0a25000 rw-p 00000000 00:00 0 
7f41f0a25000-7f41f0a26000 r--p 00025000 fd:00 30277969                   /lib/x86_64-linux-gnu/ld-2.23.so
7f41f0a26000-7f41f0a27000 rw-p 00026000 fd:00 30277969                   /lib/x86_64-linux-gnu/ld-2.23.so
7f41f0a27000-7f41f0a28000 rw-p 00000000 00:00 0 
7ffdf49b2000-7ffdf49d4000 rw-p 00000000 00:00 0                          [stack]
7ffdf49da000-7ffdf49dd000 r--p 00000000 00:00 0                          [vvar]
7ffdf49dd000-7ffdf49df000 r-xp 00000000 00:00 0                          [vdso]
ffffffffff600000-ffffffffff601000 r-xp 00000000 00:00 0                  [vsyscall]

VM Arguments:
jvm_args: -javaagent:/home/lestad/Work/idea-IC-192.6817.14/lib/idea_rt.jar=45135:/home/lestad/Work/idea-IC-192.6817.14/bin -Dfile.encoding=UTF-8 
java_command: App
java_class_path (initial): /usr/lib/jvm/java-8-openjdk-amd64/jre/lib/charsets.jar:/usr/lib/jvm/java-8-openjdk-amd64/jre/lib/ext/cldrdata.jar:/usr/lib/jvm/java-8-openjdk-amd64/jre/lib/ext/dnsns.jar:/usr/lib/jvm/java-8-openjdk-amd64/jre/lib/ext/icedtea-sound.jar:/usr/lib/jvm/java-8-openjdk-amd64/jre/lib/ext/jaccess.jar:/usr/lib/jvm/java-8-openjdk-amd64/jre/lib/ext/jfxrt.jar:/usr/lib/jvm/java-8-openjdk-amd64/jre/lib/ext/localedata.jar:/usr/lib/jvm/java-8-openjdk-amd64/jre/lib/ext/nashorn.jar:/usr/lib/jvm/java-8-openjdk-amd64/jre/lib/ext/sunec.jar:/usr/lib/jvm/java-8-openjdk-amd64/jre/lib/ext/sunjce_provider.jar:/usr/lib/jvm/java-8-openjdk-amd64/jre/lib/ext/sunpkcs11.jar:/usr/lib/jvm/java-8-openjdk-amd64/jre/lib/ext/zipfs.jar:/usr/lib/jvm/java-8-openjdk-amd64/jre/lib/jce.jar:/usr/lib/jvm/java-8-openjdk-amd64/jre/lib/jfxswt.jar:/usr/lib/jvm/java-8-openjdk-amd64/jre/lib/jsse.jar:/usr/lib/jvm/java-8-openjdk-amd64/jre/lib/management-agent.jar:/usr/lib/jvm/java-8-openjdk-amd64/jre/lib/resources.jar:/usr/lib/jvm/java-8-openjdk-amd64/jre/lib/rt.jar:/home/lestad/Work/Java/JavaLib/target/classes:/home/lestad/Work/Java/tweetnacl-java/target/tweetnacl-java-1.1.2-SNAPSHOT.jar:/home/lestad/.m2/repository/com/lambdaworks/scrypt/1.4.0/scrypt-1.4.0.jar:/home/lestad/.m2/repository/org/kocakosm/jblake2/0.4/jblake2-0.4.jar:/home/lestad/.m2/repository/org/apache/httpcomponents/httpclient/4.5.1/httpclient-4.5.1.jar:/home/lestad/.m2/repository/org/apache/httpcomponents/httpcore/4.4.3/httpcore-4.4.3.jar:/home/lestad/.m2/repository/commons-logging/commons-logging/1.2/commons-logging-1.2.jar:/home/lestad/.m2/repository/commons-codec/commons-codec/1.9/commons-codec-1.9.jar:/home/lestad/.m2/repository/org/apache/httpcomponents/httpmime/4.5.1/httpmime-4.5.1.jar:/home/lestad/Work/idea-IC-192.6817.14/lib/idea_rt.jar
Launcher Type: SUN_STANDARD

Environment Variables:
JAVA_HOME=/usr/lib/jvm/java-1.8.0-openjdk-amd64
PATH=/home/lestad/fabric-tools/bin:/home/lestad/fabric-tools/bin:/home/lestad/.nvm/versions/node/v8.11.3/bin:/home/lestad/.yarn/bin:/home/lestad/.config/yarn/global/node_modules/.bin:/bin:/sbin:/home/lestad/.local/share/umake/bin:/home/lestad/tutorialspoint/sample/bin:/usr/local/go/bin:/home/lestad/bin:/home/lestad/.local/bin:/usr/local/sbin:/usr/local/bin:/usr/sbin:/usr/bin:/sbin:/bin:/usr/games:/usr/local/games:/snap/bin:/home/lestad/.go/bin
SHELL=/bin/bash
DISPLAY=:0

Signal Handlers:
SIGSEGV: [libjvm.so+0xa783e0], sa_mask[0]=11111111011111111101111111111110, sa_flags=SA_RESTART|SA_SIGINFO
SIGBUS: [libjvm.so+0xa783e0], sa_mask[0]=11111111011111111101111111111110, sa_flags=SA_RESTART|SA_SIGINFO
SIGFPE: [libjvm.so+0x8c0e10], sa_mask[0]=11111111011111111101111111111110, sa_flags=SA_RESTART|SA_SIGINFO
SIGPIPE: [libjvm.so+0x8c0e10], sa_mask[0]=11111111011111111101111111111110, sa_flags=SA_RESTART|SA_SIGINFO
SIGXFSZ: [libjvm.so+0x8c0e10], sa_mask[0]=11111111011111111101111111111110, sa_flags=SA_RESTART|SA_SIGINFO
SIGILL: [libjvm.so+0x8c0e10], sa_mask[0]=11111111011111111101111111111110, sa_flags=SA_RESTART|SA_SIGINFO
SIGUSR1: SIG_DFL, sa_mask[0]=00000000000000000000000000000000, sa_flags=none
SIGUSR2: [libjvm.so+0x8c0cc0], sa_mask[0]=00100000000000000000000000000000, sa_flags=SA_RESTART|SA_SIGINFO
SIGHUP: [libjvm.so+0x8c1350], sa_mask[0]=11111111011111111101111111111110, sa_flags=SA_RESTART|SA_SIGINFO
SIGINT: [libjvm.so+0x8c1350], sa_mask[0]=11111111011111111101111111111110, sa_flags=SA_RESTART|SA_SIGINFO
SIGTERM: [libjvm.so+0x8c1350], sa_mask[0]=11111111011111111101111111111110, sa_flags=SA_RESTART|SA_SIGINFO
SIGQUIT: [libjvm.so+0x8c1350], sa_mask[0]=11111111011111111101111111111110, sa_flags=SA_RESTART|SA_SIGINFO


---------------  S Y S T E M  ---------------

OS:DISTRIB_ID=Ubuntu
DISTRIB_RELEASE=16.04
DISTRIB_CODENAME=xenial
DISTRIB_DESCRIPTION="Ubuntu 16.04.6 LTS"

uname:Linux 4.15.0-66-generic #75~16.04.1-Ubuntu SMP Tue Oct 1 14:01:08 UTC 2019 x86_64
libc:glibc 2.23 NPTL 2.23 
rlimit: STACK 8192k, CORE 0k, NPROC 31256, NOFILE 1048576, AS infinity
load average:0,57 0,50 0,58

/proc/meminfo:
MemTotal:        8070520 kB
MemFree:          771468 kB
MemAvailable:    2311972 kB
Buffers:          212784 kB
Cached:          1333160 kB
SwapCached:        25288 kB
Active:          4656332 kB
Inactive:        1676296 kB
Active(anon):    4052704 kB
Inactive(anon):   793976 kB
Active(file):     603628 kB
Inactive(file):   882320 kB
Unevictable:         128 kB
Mlocked:             128 kB
SwapTotal:       8289788 kB
SwapFree:        6920724 kB
Dirty:              2944 kB
Writeback:             0 kB
AnonPages:       4774484 kB
Mapped:           442276 kB
Shmem:            144064 kB
Slab:             647252 kB
SReclaimable:     343084 kB
SUnreclaim:       304168 kB
KernelStack:       20016 kB
PageTables:        86092 kB
NFS_Unstable:          0 kB
Bounce:                0 kB
WritebackTmp:          0 kB
CommitLimit:    12325048 kB
Committed_AS:   16359580 kB
VmallocTotal:   34359738367 kB
VmallocUsed:           0 kB
VmallocChunk:          0 kB
HardwareCorrupted:     0 kB
AnonHugePages:      2048 kB
ShmemHugePages:        0 kB
ShmemPmdMapped:        0 kB
CmaTotal:              0 kB
CmaFree:               0 kB
HugePages_Total:       0
HugePages_Free:        0
HugePages_Rsvd:        0
HugePages_Surp:        0
Hugepagesize:       2048 kB
DirectMap4k:     7033060 kB
DirectMap2M:     1257472 kB
DirectMap1G:           0 kB

container (cgroup) information:
container_type: cgroupv1
cpu_cpuset_cpus: 0-3
cpu_memory_nodes: 0
active_processor_count: 4
cpu_quota: -1
cpu_period: 100000
cpu_shares: -1
memory_limit_in_bytes: -1
memory_and_swap_limit_in_bytes: -2
memory_soft_limit_in_bytes: -1
memory_usage_in_bytes: 6768922624
memory_max_usage_in_bytes: 7525441536


CPU:total 4 (initial active 4) (2 cores per cpu, 2 threads per core) family 6 model 69 stepping 1, cmov, cx8, fxsr, mmx, sse, sse2, sse3, ssse3, sse4.1, sse4.2, popcnt, avx, avx2, aes, clmul, erms, lzcnt, ht, tsc, tscinvbit, bmi1, bmi2

/proc/cpuinfo:
processor	: 0
vendor_id	: GenuineIntel
cpu family	: 6
model		: 69
model name	: Intel(R) Core(TM) i7-4510U CPU @ 2.00GHz
stepping	: 1
microcode	: 0x25
cpu MHz		: 2793.349
cache size	: 4096 KB
physical id	: 0
siblings	: 4
core id		: 0
cpu cores	: 2
apicid		: 0
initial apicid	: 0
fpu		: yes
fpu_exception	: yes
cpuid level	: 13
wp		: yes
flags		: fpu vme de pse tsc msr pae mce cx8 apic sep mtrr pge mca cmov pat pse36 clflush dts acpi mmx fxsr sse sse2 ss ht tm pbe syscall nx pdpe1gb rdtscp lm constant_tsc arch_perfmon pebs bts rep_good nopl xtopology nonstop_tsc cpuid aperfmperf pni pclmulqdq dtes64 monitor ds_cpl vmx est tm2 ssse3 sdbg fma cx16 xtpr pdcm pcid sse4_1 sse4_2 movbe popcnt tsc_deadline_timer aes xsave avx f16c rdrand lahf_lm abm cpuid_fault epb invpcid_single pti ssbd ibrs ibpb stibp tpr_shadow vnmi flexpriority ept vpid fsgsbase tsc_adjust bmi1 avx2 smep bmi2 erms invpcid xsaveopt dtherm ida arat pln pts md_clear flush_l1d
bugs		: cpu_meltdown spectre_v1 spectre_v2 spec_store_bypass l1tf mds swapgs
bogomips	: 3990.49
clflush size	: 64
cache_alignment	: 64
address sizes	: 39 bits physical, 48 bits virtual
power management:

processor	: 1
vendor_id	: GenuineIntel
cpu family	: 6
model		: 69
model name	: Intel(R) Core(TM) i7-4510U CPU @ 2.00GHz
stepping	: 1
microcode	: 0x25
cpu MHz		: 2793.351
cache size	: 4096 KB
physical id	: 0
siblings	: 4
core id		: 1
cpu cores	: 2
apicid		: 2
initial apicid	: 2
fpu		: yes
fpu_exception	: yes
cpuid level	: 13
wp		: yes
flags		: fpu vme de pse tsc msr pae mce cx8 apic sep mtrr pge mca cmov pat pse36 clflush dts acpi mmx fxsr sse sse2 ss ht tm pbe syscall nx pdpe1gb rdtscp lm constant_tsc arch_perfmon pebs bts rep_good nopl xtopology nonstop_tsc cpuid aperfmperf pni pclmulqdq dtes64 monitor ds_cpl vmx est tm2 ssse3 sdbg fma cx16 xtpr pdcm pcid sse4_1 sse4_2 movbe popcnt tsc_deadline_timer aes xsave avx f16c rdrand lahf_lm abm cpuid_fault epb invpcid_single pti ssbd ibrs ibpb stibp tpr_shadow vnmi flexpriority ept vpid fsgsbase tsc_adjust bmi1 avx2 smep bmi2 erms invpcid xsaveopt dtherm ida arat pln pts md_clear flush_l1d
bugs		: cpu_meltdown spectre_v1 spectre_v2 spec_store_bypass l1tf mds swapgs
bogomips	: 3990.49
clflush size	: 64
cache_alignment	: 64
address sizes	: 39 bits physical, 48 bits virtual
power management:

processor	: 2
vendor_id	: GenuineIntel
cpu family	: 6
model		: 69
model name	: Intel(R) Core(TM) i7-4510U CPU @ 2.00GHz
stepping	: 1
microcode	: 0x25
cpu MHz		: 2793.346
cache size	: 4096 KB
physical id	: 0
siblings	: 4
core id		: 0
cpu cores	: 2
apicid		: 1
initial apicid	: 1
fpu		: yes
fpu_exception	: yes
cpuid level	: 13
wp		: yes
flags		: fpu vme de pse tsc msr pae mce cx8 apic sep mtrr pge mca cmov pat pse36 clflush dts acpi mmx fxsr sse sse2 ss ht tm pbe syscall nx pdpe1gb rdtscp lm constant_tsc arch_perfmon pebs bts rep_good nopl xtopology nonstop_tsc cpuid aperfmperf pni pclmulqdq dtes64 monitor ds_cpl vmx est tm2 ssse3 sdbg fma cx16 xtpr pdcm pcid sse4_1 sse4_2 movbe popcnt tsc_deadline_timer aes xsave avx f16c rdrand lahf_lm abm cpuid_fault epb invpcid_single pti ssbd ibrs ibpb stibp tpr_shadow vnmi flexpriority ept vpid fsgsbase tsc_adjust bmi1 avx2 smep bmi2 erms invpcid xsaveopt dtherm ida arat pln pts md_clear flush_l1d
bugs		: cpu_meltdown spectre_v1 spectre_v2 spec_store_bypass l1tf mds swapgs
bogomips	: 3990.49
clflush size	: 64
cache_alignment	: 64
address sizes	: 39 bits physical, 48 bits virtual
power management:

processor	: 3
vendor_id	: GenuineIntel
cpu family	: 6
model		: 69
model name	: Intel(R) Core(TM) i7-4510U CPU @ 2.00GHz
stepping	: 1
microcode	: 0x25
cpu MHz		: 2793.345
cache size	: 4096 KB
physical id	: 0
siblings	: 4
core id		: 1
cpu cores	: 2
apicid		: 3
initial apicid	: 3
fpu		: yes
fpu_exception	: yes
cpuid level	: 13
wp		: yes
flags		: fpu vme de pse tsc msr pae mce cx8 apic sep mtrr pge mca cmov pat pse36 clflush dts acpi mmx fxsr sse sse2 ss ht tm pbe syscall nx pdpe1gb rdtscp lm constant_tsc arch_perfmon pebs bts rep_good nopl xtopology nonstop_tsc cpuid aperfmperf pni pclmulqdq dtes64 monitor ds_cpl vmx est tm2 ssse3 sdbg fma cx16 xtpr pdcm pcid sse4_1 sse4_2 movbe popcnt tsc_deadline_timer aes xsave avx f16c rdrand lahf_lm abm cpuid_fault epb invpcid_single pti ssbd ibrs ibpb stibp tpr_shadow vnmi flexpriority ept vpid fsgsbase tsc_adjust bmi1 avx2 smep bmi2 erms invpcid xsaveopt dtherm ida arat pln pts md_clear flush_l1d
bugs		: cpu_meltdown spectre_v1 spectre_v2 spec_store_bypass l1tf mds swapgs
bogomips	: 3990.49
clflush size	: 64
cache_alignment	: 64
address sizes	: 39 bits physical, 48 bits virtual
power management:



Memory: 4k page, physical 8070520k(770228k free), swap 8289788k(6920724k free)

vm_info: OpenJDK 64-Bit Server VM (25.222-b10) for linux-amd64 JRE (1.8.0_222-8u222-b10-1ubuntu1~16.04.1-b10), built on Jul 18 2019 20:25:18 by "buildd" with gcc 5.4.0 20160609

time: Thu Nov 14 16:19:46 2019
timezone: EET
elapsed time: 0 seconds (0d 0h 0m 0s)

